{"numFailedTestSuites":0,"numFailedTests":0,"numPassedTestSuites":16,"numPassedTests":38,"numPendingTestSuites":0,"numPendingTests":0,"numRuntimeErrorTestSuites":0,"numTodoTests":0,"numTotalTestSuites":16,"numTotalTests":38,"openHandles":[],"snapshot":{"added":0,"didUpdate":false,"failure":false,"filesAdded":0,"filesRemoved":0,"filesRemovedList":[],"filesUnmatched":0,"filesUpdated":0,"matched":10,"total":10,"unchecked":0,"uncheckedKeysByFile":[],"unmatched":0,"updated":0},"startTime":1666353655220,"success":true,"testResults":[{"assertionResults":[{"ancestorTitles":["actionCreators","context","navigation","contextSetNavigationAction()"],"duration":4,"failureDetails":[],"failureMessages":[],"fullName":"actionCreators context navigation contextSetNavigationAction() must return action with given payload","invocations":1,"location":null,"numPassingAsserts":0,"retryReasons":[],"status":"passed","title":"must return action with given payload"},{"ancestorTitles":["actionCreators","context","progress","contextSetProgressAction()"],"duration":1,"failureDetails":[],"failureMessages":[],"fullName":"actionCreators context progress contextSetProgressAction() must return action with given payload","invocations":1,"location":null,"numPassingAsserts":0,"retryReasons":[],"status":"passed","title":"must return action with given payload"},{"ancestorTitles":["actionCreators","ui","listShows","uiSetListShowsEditAction()"],"duration":7,"failureDetails":[],"failureMessages":[],"fullName":"actionCreators ui listShows uiSetListShowsEditAction() must return action with given payload","invocations":1,"location":null,"numPassingAsserts":0,"retryReasons":[],"status":"passed","title":"must return action with given payload"},{"ancestorTitles":["actionCreators","ui","listShows","uiSetListShowsSortAction()"],"duration":0,"failureDetails":[],"failureMessages":[],"fullName":"actionCreators ui listShows uiSetListShowsSortAction() must return action with given payload","invocations":1,"location":null,"numPassingAsserts":0,"retryReasons":[],"status":"passed","title":"must return action with given payload"},{"ancestorTitles":["actionCreators","ui","listShows","uiSetListShowsSearchAction()"],"duration":0,"failureDetails":[],"failureMessages":[],"fullName":"actionCreators ui listShows uiSetListShowsSearchAction() must return action with given payload","invocations":1,"location":null,"numPassingAsserts":0,"retryReasons":[],"status":"passed","title":"must return action with given payload"},{"ancestorTitles":["actionCreators","ui","listShows","uiSetListShowsPaginationAction()"],"duration":1,"failureDetails":[],"failureMessages":[],"fullName":"actionCreators ui listShows uiSetListShowsPaginationAction() must return action with given payload","invocations":1,"location":null,"numPassingAsserts":0,"retryReasons":[],"status":"passed","title":"must return action with given payload"},{"ancestorTitles":["actionCreators","ui","listShows","uiSetListShowsAction()"],"duration":0,"failureDetails":[],"failureMessages":[],"fullName":"actionCreators ui listShows uiSetListShowsAction() must return action with given payload","invocations":1,"location":null,"numPassingAsserts":0,"retryReasons":[],"status":"passed","title":"must return action with given payload"}],"endTime":1666353661195,"message":"","name":"/Users/mts/PapillonBitsHub/amazing/packages/core/src/store/action/__tests__/actionCreators.test.js","startTime":1666353656791,"status":"passed","summary":""},{"assertionResults":[{"ancestorTitles":["<NotFoundTemplate />","Render"],"duration":84,"failureDetails":[],"failureMessages":[],"fullName":"<NotFoundTemplate /> Render must match regular","invocations":1,"location":null,"numPassingAsserts":0,"retryReasons":[],"status":"passed","title":"must match regular"}],"endTime":1666353662105,"message":"","name":"/Users/mts/PapillonBitsHub/amazing/packages/core/src/pattern/template/NotFoundTemplate/__tests__/NotFoundTemplate.int.test.js","startTime":1666353656615,"status":"passed","summary":""},{"assertionResults":[{"ancestorTitles":["<Navigator />","Render"],"duration":270,"failureDetails":[],"failureMessages":[],"fullName":"<Navigator /> Render must match regular","invocations":1,"location":null,"numPassingAsserts":0,"retryReasons":[],"status":"passed","title":"must match regular"}],"endTime":1666353663120,"message":"","name":"/Users/mts/PapillonBitsHub/amazing/packages/core/src/pattern/molecule/Navigator/__tests__/Navigator.int.test.js","startTime":1666353656804,"status":"passed","summary":""},{"assertionResults":[{"ancestorTitles":["<ListShowTemplate />","Render"],"duration":307,"failureDetails":[],"failureMessages":[],"fullName":"<ListShowTemplate /> Render must match regular()","invocations":1,"location":null,"numPassingAsserts":0,"retryReasons":[],"status":"passed","title":"must match regular()"}],"endTime":1666353663320,"message":"","name":"/Users/mts/PapillonBitsHub/amazing/packages/core/src/pattern/template/ListShowTemplate/__tests__/ListShowTemplate.int.test.js","startTime":1666353656463,"status":"passed","summary":""},{"assertionResults":[{"ancestorTitles":["<InfoShowTemplate />","Render"],"duration":236,"failureDetails":[],"failureMessages":[],"fullName":"<InfoShowTemplate /> Render must match regular()","invocations":1,"location":null,"numPassingAsserts":0,"retryReasons":[],"status":"passed","title":"must match regular()"}],"endTime":1666353663397,"message":"","name":"/Users/mts/PapillonBitsHub/amazing/packages/core/src/pattern/template/InfoShowTemplate/__tests__/InfoShowTemplate.int.test.js","startTime":1666353656785,"status":"passed","summary":""},{"assertionResults":[{"ancestorTitles":["<ListShowPage />","Render"],"duration":66,"failureDetails":[],"failureMessages":[],"fullName":"<ListShowPage /> Render must match async()","invocations":1,"location":null,"numPassingAsserts":0,"retryReasons":[],"status":"passed","title":"must match async()"},{"ancestorTitles":["<ListShowPage />","Render"],"duration":209,"failureDetails":[],"failureMessages":[],"fullName":"<ListShowPage /> Render must match regular()","invocations":1,"location":null,"numPassingAsserts":0,"retryReasons":[],"status":"passed","title":"must match regular()"}],"endTime":1666353663429,"message":"","name":"/Users/mts/PapillonBitsHub/amazing/packages/core/src/pattern/page/ListShowPage/__tests__/ListShowPage.int.test.js","startTime":1666353656463,"status":"passed","summary":""},{"assertionResults":[{"ancestorTitles":["<InfoShowPage />","Render"],"duration":117,"failureDetails":[],"failureMessages":[],"fullName":"<InfoShowPage /> Render must match async()","invocations":1,"location":null,"numPassingAsserts":0,"retryReasons":[],"status":"passed","title":"must match async()"},{"ancestorTitles":["<InfoShowPage />","Render"],"duration":191,"failureDetails":[],"failureMessages":[],"fullName":"<InfoShowPage /> Render must match regular()","invocations":1,"location":null,"numPassingAsserts":0,"retryReasons":[],"status":"passed","title":"must match regular()"}],"endTime":1666353663476,"message":"","name":"/Users/mts/PapillonBitsHub/amazing/packages/core/src/pattern/page/InfoShowPage/__tests__/InfoShowPage.int.test.js","startTime":1666353656654,"status":"passed","summary":""},{"assertionResults":[{"ancestorTitles":["index","setMiddlewares()"],"duration":4,"failureDetails":[],"failureMessages":[],"fullName":"index setMiddlewares() must have thunk and logger middleware when running on localhost","invocations":1,"location":null,"numPassingAsserts":0,"retryReasons":[],"status":"passed","title":"must have thunk and logger middleware when running on localhost"},{"ancestorTitles":["index","setMiddlewares()"],"duration":1,"failureDetails":[],"failureMessages":[],"fullName":"index setMiddlewares() must only have thunk middleware when not running on localhost","invocations":1,"location":null,"numPassingAsserts":0,"retryReasons":[],"status":"passed","title":"must only have thunk middleware when not running on localhost"}],"endTime":1666353664550,"message":"","name":"/Users/mts/PapillonBitsHub/amazing/packages/core/src/store/__tests__/base.test.js","startTime":1666353662120,"status":"passed","summary":""},{"assertionResults":[{"ancestorTitles":["<NotFoundPage />","Render"],"duration":80,"failureDetails":[],"failureMessages":[],"fullName":"<NotFoundPage /> Render must match async","invocations":1,"location":null,"numPassingAsserts":0,"retryReasons":[],"status":"passed","title":"must match async"},{"ancestorTitles":["<NotFoundPage />","Render"],"duration":52,"failureDetails":[],"failureMessages":[],"fullName":"<NotFoundPage /> Render must match regular","invocations":1,"location":null,"numPassingAsserts":0,"retryReasons":[],"status":"passed","title":"must match regular"}],"endTime":1666353664990,"message":"","name":"/Users/mts/PapillonBitsHub/amazing/packages/core/src/pattern/page/NotFoundPage/__tests__/NotFoundPage.int.test.js","startTime":1666353661258,"status":"passed","summary":""},{"assertionResults":[{"ancestorTitles":["path","appRootPath"],"duration":2,"failureDetails":[],"failureMessages":[],"fullName":"path appRootPath must return path with base url when process.env.BASE_URL is present","invocations":1,"location":null,"numPassingAsserts":0,"retryReasons":[],"status":"passed","title":"must return path with base url when process.env.BASE_URL is present"},{"ancestorTitles":["path","appRootPath"],"duration":1,"failureDetails":[],"failureMessages":[],"fullName":"path appRootPath must return path without base url when process.env.BASE_URL is absent","invocations":1,"location":null,"numPassingAsserts":0,"retryReasons":[],"status":"passed","title":"must return path without base url when process.env.BASE_URL is absent"},{"ancestorTitles":["path","listShowPagePath"],"duration":1,"failureDetails":[],"failureMessages":[],"fullName":"path listShowPagePath must return path with base url when process.env.BASE_URL is present","invocations":1,"location":null,"numPassingAsserts":0,"retryReasons":[],"status":"passed","title":"must return path with base url when process.env.BASE_URL is present"},{"ancestorTitles":["path","listShowPagePath"],"duration":1,"failureDetails":[],"failureMessages":[],"fullName":"path listShowPagePath must return path without base url when process.env.BASE_URL is absent","invocations":1,"location":null,"numPassingAsserts":0,"retryReasons":[],"status":"passed","title":"must return path without base url when process.env.BASE_URL is absent"},{"ancestorTitles":["path","infoShowPagePath"],"duration":3,"failureDetails":[],"failureMessages":[],"fullName":"path infoShowPagePath must return path with base url when process.env.BASE_URL is present","invocations":1,"location":null,"numPassingAsserts":0,"retryReasons":[],"status":"passed","title":"must return path with base url when process.env.BASE_URL is present"},{"ancestorTitles":["path","infoShowPagePath"],"duration":2,"failureDetails":[],"failureMessages":[],"fullName":"path infoShowPagePath must return path without base url when process.env.BASE_URL is absent","invocations":1,"location":null,"numPassingAsserts":0,"retryReasons":[],"status":"passed","title":"must return path without base url when process.env.BASE_URL is absent"}],"endTime":1666353665393,"message":"","name":"/Users/mts/PapillonBitsHub/amazing/packages/core/src/route/__tests__/path.test.js","startTime":1666353663449,"status":"passed","summary":""},{"assertionResults":[{"ancestorTitles":["index","useBindActionCreators()"],"duration":3,"failureDetails":[],"failureMessages":[],"fullName":"index useBindActionCreators() must return all bound actions and thunks","invocations":1,"location":null,"numPassingAsserts":0,"retryReasons":[],"status":"passed","title":"must return all bound actions and thunks"}],"endTime":1666353665456,"message":"","name":"/Users/mts/PapillonBitsHub/amazing/packages/core/src/store/dispatch/__tests__/index.test.js","startTime":1666353663525,"status":"passed","summary":""},{"assertionResults":[{"ancestorTitles":["index","appRootRoute"],"duration":4,"failureDetails":[],"failureMessages":[],"fullName":"index appRootRoute must return app root route object","invocations":1,"location":null,"numPassingAsserts":0,"retryReasons":[],"status":"passed","title":"must return app root route object"},{"ancestorTitles":["index","listShowPageRoute"],"duration":0,"failureDetails":[],"failureMessages":[],"fullName":"index listShowPageRoute must return list show page route object","invocations":1,"location":null,"numPassingAsserts":0,"retryReasons":[],"status":"passed","title":"must return list show page route object"},{"ancestorTitles":["index","infoShowPageRoute"],"duration":1,"failureDetails":[],"failureMessages":[],"fullName":"index infoShowPageRoute must return info show page route object","invocations":1,"location":null,"numPassingAsserts":0,"retryReasons":[],"status":"passed","title":"must return info show page route object"},{"ancestorTitles":["index","notFoundPageRoute"],"duration":1,"failureDetails":[],"failureMessages":[],"fullName":"index notFoundPageRoute must return not found page route object","invocations":1,"location":null,"numPassingAsserts":0,"retryReasons":[],"status":"passed","title":"must return not found page route object"}],"endTime":1666353665468,"message":"","name":"/Users/mts/PapillonBitsHub/amazing/packages/core/src/route/__tests__/index.test.js","startTime":1666353663180,"status":"passed","summary":""},{"assertionResults":[{"ancestorTitles":["index"],"duration":4,"failureDetails":[],"failureMessages":[],"fullName":"index must return all constants","invocations":1,"location":null,"numPassingAsserts":0,"retryReasons":[],"status":"passed","title":"must return all constants"}],"endTime":1666353665531,"message":"","name":"/Users/mts/PapillonBitsHub/amazing/packages/core/src/library/constant/__tests__/index.test.js","startTime":1666353663427,"status":"passed","summary":""},{"assertionResults":[{"ancestorTitles":["client","setAppDefaultState()"],"duration":288,"failureDetails":[],"failureMessages":[],"fullName":"client setAppDefaultState() must set app state","invocations":1,"location":null,"numPassingAsserts":0,"retryReasons":[],"status":"passed","title":"must set app state"}],"endTime":1666353665647,"message":"","name":"/Users/mts/PapillonBitsHub/amazing/packages/core/src/store/__tests__/client.test.js","startTime":1666353663338,"status":"passed","summary":""},{"assertionResults":[{"ancestorTitles":["index","hosts and indicators"],"duration":2,"failureDetails":[],"failureMessages":[],"fullName":"index hosts and indicators must return all hosts and indicators","invocations":1,"location":null,"numPassingAsserts":0,"retryReasons":[],"status":"passed","title":"must return all hosts and indicators"},{"ancestorTitles":["index","currentHost"],"duration":2,"failureDetails":[],"failureMessages":[],"fullName":"index currentHost must equal localhost when running on localhost","invocations":1,"location":null,"numPassingAsserts":0,"retryReasons":[],"status":"passed","title":"must equal localhost when running on localhost"},{"ancestorTitles":["index","currentHost"],"duration":1,"failureDetails":[],"failureMessages":[],"fullName":"index currentHost must equal elsewhere host when running elsewhere","invocations":1,"location":null,"numPassingAsserts":0,"retryReasons":[],"status":"passed","title":"must equal elsewhere host when running elsewhere"},{"ancestorTitles":["index","isRunningOnLocalHost"],"duration":1,"failureDetails":[],"failureMessages":[],"fullName":"index isRunningOnLocalHost must be truthy when running on localhost","invocations":1,"location":null,"numPassingAsserts":0,"retryReasons":[],"status":"passed","title":"must be truthy when running on localhost"},{"ancestorTitles":["index","isRunningOnLocalHost"],"duration":1,"failureDetails":[],"failureMessages":[],"fullName":"index isRunningOnLocalHost must be falsy when running elsewhere","invocations":1,"location":null,"numPassingAsserts":0,"retryReasons":[],"status":"passed","title":"must be falsy when running elsewhere"}],"endTime":1666353665925,"message":"","name":"/Users/mts/PapillonBitsHub/amazing/packages/core/src/library/environment/host/__tests__/index.test.js","startTime":1666353664564,"status":"passed","summary":""},{"assertionResults":[{"ancestorTitles":["actionTypes"],"duration":3,"failureDetails":[],"failureMessages":[],"fullName":"actionTypes must return all action types","invocations":1,"location":null,"numPassingAsserts":0,"retryReasons":[],"status":"passed","title":"must return all action types"}],"endTime":1666353666083,"message":"","name":"/Users/mts/PapillonBitsHub/amazing/packages/core/src/store/action/__tests__/actionTypes.test.js","startTime":1666353665030,"status":"passed","summary":""}],"wasInterrupted":false}