{"numFailedTestSuites":0,"numFailedTests":0,"numPassedTestSuites":16,"numPassedTests":38,"numPendingTestSuites":0,"numPendingTests":0,"numRuntimeErrorTestSuites":0,"numTodoTests":0,"numTotalTestSuites":16,"numTotalTests":38,"openHandles":[],"snapshot":{"added":0,"didUpdate":false,"failure":false,"filesAdded":0,"filesRemoved":0,"filesRemovedList":[],"filesUnmatched":0,"filesUpdated":0,"matched":10,"total":10,"unchecked":0,"uncheckedKeysByFile":[],"unmatched":0,"updated":0},"startTime":1768384040232,"success":true,"testResults":[{"assertionResults":[{"ancestorTitles":["actionCreators","context","navigation","contextSetNavigationAction()"],"duration":6,"failing":false,"failureDetails":[],"failureMessages":[],"fullName":"actionCreators context navigation contextSetNavigationAction() must return action with given payload","invocations":1,"location":null,"numPassingAsserts":1,"retryReasons":[],"startAt":1768384048636,"status":"passed","title":"must return action with given payload"},{"ancestorTitles":["actionCreators","context","progress","contextSetProgressAction()"],"duration":0,"failing":false,"failureDetails":[],"failureMessages":[],"fullName":"actionCreators context progress contextSetProgressAction() must return action with given payload","invocations":1,"location":null,"numPassingAsserts":1,"retryReasons":[],"startAt":1768384048643,"status":"passed","title":"must return action with given payload"},{"ancestorTitles":["actionCreators","ui","listShows","uiSetListShowsEditAction()"],"duration":1,"failing":false,"failureDetails":[],"failureMessages":[],"fullName":"actionCreators ui listShows uiSetListShowsEditAction() must return action with given payload","invocations":1,"location":null,"numPassingAsserts":1,"retryReasons":[],"startAt":1768384048643,"status":"passed","title":"must return action with given payload"},{"ancestorTitles":["actionCreators","ui","listShows","uiSetListShowsSortAction()"],"duration":0,"failing":false,"failureDetails":[],"failureMessages":[],"fullName":"actionCreators ui listShows uiSetListShowsSortAction() must return action with given payload","invocations":1,"location":null,"numPassingAsserts":1,"retryReasons":[],"startAt":1768384048644,"status":"passed","title":"must return action with given payload"},{"ancestorTitles":["actionCreators","ui","listShows","uiSetListShowsSearchAction()"],"duration":0,"failing":false,"failureDetails":[],"failureMessages":[],"fullName":"actionCreators ui listShows uiSetListShowsSearchAction() must return action with given payload","invocations":1,"location":null,"numPassingAsserts":1,"retryReasons":[],"startAt":1768384048645,"status":"passed","title":"must return action with given payload"},{"ancestorTitles":["actionCreators","ui","listShows","uiSetListShowsPaginationAction()"],"duration":0,"failing":false,"failureDetails":[],"failureMessages":[],"fullName":"actionCreators ui listShows uiSetListShowsPaginationAction() must return action with given payload","invocations":1,"location":null,"numPassingAsserts":1,"retryReasons":[],"startAt":1768384048646,"status":"passed","title":"must return action with given payload"},{"ancestorTitles":["actionCreators","ui","listShows","uiSetListShowsAction()"],"duration":1,"failing":false,"failureDetails":[],"failureMessages":[],"fullName":"actionCreators ui listShows uiSetListShowsAction() must return action with given payload","invocations":1,"location":null,"numPassingAsserts":1,"retryReasons":[],"startAt":1768384048646,"status":"passed","title":"must return action with given payload"}],"endTime":1768384048648,"message":"","name":"/Users/mts/PapillonBitsHub/amazing/packages/core/src/store/action/__tests__/actionCreators.test.js","startTime":1768384040791,"status":"passed","summary":""},{"assertionResults":[{"ancestorTitles":["path","appRootPath"],"duration":17,"failing":false,"failureDetails":[],"failureMessages":[],"fullName":"path appRootPath must return path with base url when process.env.BASE_URL is present","invocations":1,"location":null,"numPassingAsserts":1,"retryReasons":[],"startAt":1768384048609,"status":"passed","title":"must return path with base url when process.env.BASE_URL is present"},{"ancestorTitles":["path","appRootPath"],"duration":1,"failing":false,"failureDetails":[],"failureMessages":[],"fullName":"path appRootPath must return path without base url when process.env.BASE_URL is absent","invocations":1,"location":null,"numPassingAsserts":1,"retryReasons":[],"startAt":1768384048627,"status":"passed","title":"must return path without base url when process.env.BASE_URL is absent"},{"ancestorTitles":["path","listShowPagePath"],"duration":1,"failing":false,"failureDetails":[],"failureMessages":[],"fullName":"path listShowPagePath must return path with base url when process.env.BASE_URL is present","invocations":1,"location":null,"numPassingAsserts":1,"retryReasons":[],"startAt":1768384048628,"status":"passed","title":"must return path with base url when process.env.BASE_URL is present"},{"ancestorTitles":["path","listShowPagePath"],"duration":1,"failing":false,"failureDetails":[],"failureMessages":[],"fullName":"path listShowPagePath must return path without base url when process.env.BASE_URL is absent","invocations":1,"location":null,"numPassingAsserts":1,"retryReasons":[],"startAt":1768384048629,"status":"passed","title":"must return path without base url when process.env.BASE_URL is absent"},{"ancestorTitles":["path","infoShowPagePath"],"duration":1,"failing":false,"failureDetails":[],"failureMessages":[],"fullName":"path infoShowPagePath must return path with base url when process.env.BASE_URL is present","invocations":1,"location":null,"numPassingAsserts":1,"retryReasons":[],"startAt":1768384048631,"status":"passed","title":"must return path with base url when process.env.BASE_URL is present"},{"ancestorTitles":["path","infoShowPagePath"],"duration":1,"failing":false,"failureDetails":[],"failureMessages":[],"fullName":"path infoShowPagePath must return path without base url when process.env.BASE_URL is absent","invocations":1,"location":null,"numPassingAsserts":1,"retryReasons":[],"startAt":1768384048632,"status":"passed","title":"must return path without base url when process.env.BASE_URL is absent"}],"endTime":1768384048635,"message":"","name":"/Users/mts/PapillonBitsHub/amazing/packages/core/src/route/__tests__/path.test.js","startTime":1768384040728,"status":"passed","summary":""},{"assertionResults":[{"ancestorTitles":["index","setMiddlewares()"],"duration":5,"failing":false,"failureDetails":[],"failureMessages":[],"fullName":"index setMiddlewares() must have thunk and logger middleware when running on localhost","invocations":1,"location":null,"numPassingAsserts":2,"retryReasons":[],"startAt":1768384048717,"status":"passed","title":"must have thunk and logger middleware when running on localhost"},{"ancestorTitles":["index","setMiddlewares()"],"duration":1,"failing":false,"failureDetails":[],"failureMessages":[],"fullName":"index setMiddlewares() must only have thunk middleware when not running on localhost","invocations":1,"location":null,"numPassingAsserts":2,"retryReasons":[],"startAt":1768384048723,"status":"passed","title":"must only have thunk middleware when not running on localhost"}],"endTime":1768384048725,"message":"","name":"/Users/mts/PapillonBitsHub/amazing/packages/core/src/store/__tests__/base.test.js","startTime":1768384040720,"status":"passed","summary":""},{"assertionResults":[{"ancestorTitles":["index","hosts and indicators"],"duration":10,"failing":false,"failureDetails":[],"failureMessages":[],"fullName":"index hosts and indicators must return all hosts and indicators","invocations":1,"location":null,"numPassingAsserts":3,"retryReasons":[],"startAt":1768384048777,"status":"passed","title":"must return all hosts and indicators"},{"ancestorTitles":["index","currentHost"],"duration":5,"failing":false,"failureDetails":[],"failureMessages":[],"fullName":"index currentHost must equal localhost when running on localhost","invocations":1,"location":null,"numPassingAsserts":1,"retryReasons":[],"startAt":1768384048788,"status":"passed","title":"must equal localhost when running on localhost"},{"ancestorTitles":["index","currentHost"],"duration":2,"failing":false,"failureDetails":[],"failureMessages":[],"fullName":"index currentHost must equal elsewhere host when running elsewhere","invocations":1,"location":null,"numPassingAsserts":1,"retryReasons":[],"startAt":1768384048793,"status":"passed","title":"must equal elsewhere host when running elsewhere"},{"ancestorTitles":["index","isRunningOnLocalHost"],"duration":1,"failing":false,"failureDetails":[],"failureMessages":[],"fullName":"index isRunningOnLocalHost must be truthy when running on localhost","invocations":1,"location":null,"numPassingAsserts":1,"retryReasons":[],"startAt":1768384048795,"status":"passed","title":"must be truthy when running on localhost"},{"ancestorTitles":["index","isRunningOnLocalHost"],"duration":1,"failing":false,"failureDetails":[],"failureMessages":[],"fullName":"index isRunningOnLocalHost must be falsy when running elsewhere","invocations":1,"location":null,"numPassingAsserts":1,"retryReasons":[],"startAt":1768384048797,"status":"passed","title":"must be falsy when running elsewhere"}],"endTime":1768384048799,"message":"","name":"/Users/mts/PapillonBitsHub/amazing/packages/core/src/library/environment/host/__tests__/index.test.js","startTime":1768384040758,"status":"passed","summary":""},{"assertionResults":[{"ancestorTitles":["index","useBindActionCreators()"],"duration":10,"failing":false,"failureDetails":[],"failureMessages":[],"fullName":"index useBindActionCreators() must return all bound actions and thunks","invocations":1,"location":null,"numPassingAsserts":1,"retryReasons":[],"startAt":1768384048806,"status":"passed","title":"must return all bound actions and thunks"}],"endTime":1768384048819,"message":"","name":"/Users/mts/PapillonBitsHub/amazing/packages/core/src/store/dispatch/__tests__/index.test.js","startTime":1768384040769,"status":"passed","summary":""},{"assertionResults":[{"ancestorTitles":["client","setAppDefaultState()"],"duration":1161,"failing":false,"failureDetails":[],"failureMessages":[],"fullName":"client setAppDefaultState() must set app state","invocations":1,"location":null,"numPassingAsserts":1,"retryReasons":[],"startAt":1768384048640,"status":"passed","title":"must set app state"}],"endTime":1768384049803,"message":"","name":"/Users/mts/PapillonBitsHub/amazing/packages/core/src/store/__tests__/client.test.js","startTime":1768384040781,"status":"passed","summary":""},{"assertionResults":[{"ancestorTitles":["actionTypes"],"duration":3,"failing":false,"failureDetails":[],"failureMessages":[],"fullName":"actionTypes must return all action types","invocations":1,"location":null,"numPassingAsserts":7,"retryReasons":[],"startAt":1768384049752,"status":"passed","title":"must return all action types"}],"endTime":1768384049756,"message":"","name":"/Users/mts/PapillonBitsHub/amazing/packages/core/src/store/action/__tests__/actionTypes.test.js","startTime":1768384048705,"status":"passed","summary":""},{"assertionResults":[{"ancestorTitles":["index"],"duration":10,"failing":false,"failureDetails":[],"failureMessages":[],"fullName":"index must return all constants","invocations":1,"location":null,"numPassingAsserts":7,"retryReasons":[],"startAt":1768384049897,"status":"passed","title":"must return all constants"}],"endTime":1768384049914,"message":"","name":"/Users/mts/PapillonBitsHub/amazing/packages/core/src/library/constant/__tests__/index.test.js","startTime":1768384048719,"status":"passed","summary":""},{"assertionResults":[{"ancestorTitles":["index","appRootRoute"],"duration":79,"failing":false,"failureDetails":[],"failureMessages":[],"fullName":"index appRootRoute must return app root route object","invocations":1,"location":null,"numPassingAsserts":1,"retryReasons":[],"startAt":1768384050507,"status":"passed","title":"must return app root route object"},{"ancestorTitles":["index","listShowPageRoute"],"duration":1,"failing":false,"failureDetails":[],"failureMessages":[],"fullName":"index listShowPageRoute must return list show page route object","invocations":1,"location":null,"numPassingAsserts":1,"retryReasons":[],"startAt":1768384050587,"status":"passed","title":"must return list show page route object"},{"ancestorTitles":["index","infoShowPageRoute"],"duration":1,"failing":false,"failureDetails":[],"failureMessages":[],"fullName":"index infoShowPageRoute must return info show page route object","invocations":1,"location":null,"numPassingAsserts":1,"retryReasons":[],"startAt":1768384050588,"status":"passed","title":"must return info show page route object"},{"ancestorTitles":["index","notFoundPageRoute"],"duration":0,"failing":false,"failureDetails":[],"failureMessages":[],"fullName":"index notFoundPageRoute must return not found page route object","invocations":1,"location":null,"numPassingAsserts":1,"retryReasons":[],"startAt":1768384050589,"status":"passed","title":"must return not found page route object"}],"endTime":1768384050591,"message":"","name":"/Users/mts/PapillonBitsHub/amazing/packages/core/src/route/__tests__/index.test.js","startTime":1768384040774,"status":"passed","summary":""},{"assertionResults":[{"ancestorTitles":["<NotFoundPage />","Render"],"duration":98,"failing":false,"failureDetails":[],"failureMessages":[],"fullName":"<NotFoundPage /> Render must match async","invocations":1,"location":null,"numPassingAsserts":1,"retryReasons":[],"startAt":1768384051117,"status":"passed","title":"must match async"},{"ancestorTitles":["<NotFoundPage />","Render"],"duration":72,"failing":false,"failureDetails":[],"failureMessages":[],"fullName":"<NotFoundPage /> Render must match regular","invocations":1,"location":null,"numPassingAsserts":1,"retryReasons":[],"startAt":1768384051215,"status":"passed","title":"must match regular"}],"endTime":1768384051288,"message":"","name":"/Users/mts/PapillonBitsHub/amazing/packages/core/src/pattern/page/NotFoundPage/__tests__/NotFoundPage.int.test.js","startTime":1768384048762,"status":"passed","summary":""},{"assertionResults":[{"ancestorTitles":["<NotFoundTemplate />","Render"],"duration":76,"failing":false,"failureDetails":[],"failureMessages":[],"fullName":"<NotFoundTemplate /> Render must match regular","invocations":1,"location":null,"numPassingAsserts":1,"retryReasons":[],"startAt":1768384052058,"status":"passed","title":"must match regular"}],"endTime":1768384052135,"message":"","name":"/Users/mts/PapillonBitsHub/amazing/packages/core/src/pattern/template/NotFoundTemplate/__tests__/NotFoundTemplate.int.test.js","startTime":1768384049947,"status":"passed","summary":""},{"assertionResults":[{"ancestorTitles":["<InfoShowTemplate />","Render"],"duration":108,"failing":false,"failureDetails":[],"failureMessages":[],"fullName":"<InfoShowTemplate /> Render must match regular()","invocations":1,"location":null,"numPassingAsserts":1,"retryReasons":[],"startAt":1768384052097,"status":"passed","title":"must match regular()"}],"endTime":1768384052206,"message":"","name":"/Users/mts/PapillonBitsHub/amazing/packages/core/src/pattern/template/InfoShowTemplate/__tests__/InfoShowTemplate.int.test.js","startTime":1768384049897,"status":"passed","summary":""},{"assertionResults":[{"ancestorTitles":["<ListShowPage />","Render"],"duration":67,"failing":false,"failureDetails":[],"failureMessages":[],"fullName":"<ListShowPage /> Render must match async()","invocations":1,"location":null,"numPassingAsserts":1,"retryReasons":[],"startAt":1768384052084,"status":"passed","title":"must match async()"},{"ancestorTitles":["<ListShowPage />","Render"],"duration":142,"failing":false,"failureDetails":[],"failureMessages":[],"fullName":"<ListShowPage /> Render must match regular()","invocations":1,"location":null,"numPassingAsserts":1,"retryReasons":[],"startAt":1768384052152,"status":"passed","title":"must match regular()"}],"endTime":1768384052296,"message":"","name":"/Users/mts/PapillonBitsHub/amazing/packages/core/src/pattern/page/ListShowPage/__tests__/ListShowPage.int.test.js","startTime":1768384048815,"status":"passed","summary":""},{"assertionResults":[{"ancestorTitles":["<InfoShowPage />","Render"],"duration":52,"failing":false,"failureDetails":[],"failureMessages":[],"fullName":"<InfoShowPage /> Render must match async()","invocations":1,"location":null,"numPassingAsserts":1,"retryReasons":[],"startAt":1768384052173,"status":"passed","title":"must match async()"},{"ancestorTitles":["<InfoShowPage />","Render"],"duration":99,"failing":false,"failureDetails":[],"failureMessages":[],"fullName":"<InfoShowPage /> Render must match regular()","invocations":1,"location":null,"numPassingAsserts":1,"retryReasons":[],"startAt":1768384052226,"status":"passed","title":"must match regular()"}],"endTime":1768384052326,"message":"","name":"/Users/mts/PapillonBitsHub/amazing/packages/core/src/pattern/page/InfoShowPage/__tests__/InfoShowPage.int.test.js","startTime":1768384048859,"status":"passed","summary":""},{"assertionResults":[{"ancestorTitles":["<Navigator />","Render"],"duration":37,"failing":false,"failureDetails":[],"failureMessages":[],"fullName":"<Navigator /> Render must match regular","invocations":1,"location":null,"numPassingAsserts":1,"retryReasons":[],"startAt":1768384052413,"status":"passed","title":"must match regular"}],"endTime":1768384052451,"message":"","name":"/Users/mts/PapillonBitsHub/amazing/packages/core/src/pattern/molecule/Navigator/__tests__/Navigator.int.test.js","startTime":1768384050668,"status":"passed","summary":""},{"assertionResults":[{"ancestorTitles":["<ListShowTemplate />","Render"],"duration":102,"failing":false,"failureDetails":[],"failureMessages":[],"fullName":"<ListShowTemplate /> Render must match regular()","invocations":1,"location":null,"numPassingAsserts":1,"retryReasons":[],"startAt":1768384052517,"status":"passed","title":"must match regular()"}],"endTime":1768384052619,"message":"","name":"/Users/mts/PapillonBitsHub/amazing/packages/core/src/pattern/template/ListShowTemplate/__tests__/ListShowTemplate.int.test.js","startTime":1768384049828,"status":"passed","summary":""}],"wasInterrupted":false}
